0 info it worked if it ends with ok
1 verbose cli [ '/home/cis/.nvm/versions/node/v9.10.0/bin/node',
1 verbose cli   '/home/cis/.nvm/versions/node/v9.10.0/bin/npm',
1 verbose cli   'i',
1 verbose cli   '--save',
1 verbose cli   'rxjs/Subject' ]
2 info using npm@3.10.10
3 info using node@v9.10.0
4 silly loadCurrentTree Starting
5 silly install loadCurrentTree
6 silly install readLocalPackageData
7 silly fetchPackageMetaData rxjs/Subject
8 silly fetchOtherPackageData rxjs/Subject
9 silly cache add args [ 'rxjs/Subject', null ]
10 verbose cache add spec rxjs/Subject
11 silly cache add parsed spec Result {
11 silly cache add   raw: 'rxjs/Subject',
11 silly cache add   scope: null,
11 silly cache add   escapedName: null,
11 silly cache add   name: null,
11 silly cache add   rawSpec: 'rxjs/Subject',
11 silly cache add   spec: 'github:rxjs/Subject',
11 silly cache add   type: 'hosted',
11 silly cache add   hosted:
11 silly cache add    { type: 'github',
11 silly cache add      ssh: 'git@github.com:rxjs/Subject.git',
11 silly cache add      sshUrl: 'git+ssh://git@github.com/rxjs/Subject.git',
11 silly cache add      httpsUrl: 'git+https://github.com/rxjs/Subject.git',
11 silly cache add      gitUrl: 'git://github.com/rxjs/Subject.git',
11 silly cache add      shortcut: 'github:rxjs/Subject',
11 silly cache add      directUrl: 'https://raw.githubusercontent.com/rxjs/Subject/master/package.json' } }
12 verbose addRemoteGit caching rxjs/Subject
13 verbose addRemoteGit rxjs/Subject is a repository hosted by github
14 silly tryGitProto attempting to clone git://github.com/rxjs/Subject.git
15 silly tryClone cloning rxjs/Subject via git://github.com/rxjs/Subject.git
16 verbose tryClone git-github-com-rxjs-Subject-git-e83a31d6 not in flight; caching
17 verbose correctMkdir /home/cis/.npm/_git-remotes correctMkdir not in flight; initializing
18 info git [ 'clone',
18 info git   '--template=/home/cis/.npm/_git-remotes/_templates',
18 info git   '--mirror',
18 info git   'git://github.com/rxjs/Subject.git',
18 info git   '/home/cis/.npm/_git-remotes/git-github-com-rxjs-Subject-git-e83a31d6' ]
19 verbose git clone --template=/home/cis/.npm/_git-remotes/_templates --mirror git://github.com/rxjs/Subject.git /home/cis/.npm/_git-remotes/git-github-com-rxjs-Subject-git-e83a31d6: Cloning into bare repository '/home/cis/.npm/_git-remotes/git-github-com-rxjs-Subject-git-e83a31d6'...
19 verbose git clone --template=/home/cis/.npm/_git-remotes/_templates --mirror git://github.com/rxjs/Subject.git /home/cis/.npm/_git-remotes/git-github-com-rxjs-Subject-git-e83a31d6: fatal: remote error:
19 verbose git clone --template=/home/cis/.npm/_git-remotes/_templates --mirror git://github.com/rxjs/Subject.git /home/cis/.npm/_git-remotes/git-github-com-rxjs-Subject-git-e83a31d6:   Repository not found.
20 silly tryHTTPS attempting to clone git+https://github.com/rxjs/Subject.git
21 silly tryClone cloning rxjs/Subject via git+https://github.com/rxjs/Subject.git
22 verbose tryClone git-https-github-com-rxjs-Subject-git-316860eb not in flight; caching
23 verbose correctMkdir /home/cis/.npm/_git-remotes correctMkdir not in flight; initializing
24 info git [ 'clone',
24 info git   '--template=/home/cis/.npm/_git-remotes/_templates',
24 info git   '--mirror',
24 info git   'https://github.com/rxjs/Subject.git',
24 info git   '/home/cis/.npm/_git-remotes/git-https-github-com-rxjs-Subject-git-316860eb' ]
25 verbose git clone --template=/home/cis/.npm/_git-remotes/_templates --mirror https://github.com/rxjs/Subject.git /home/cis/.npm/_git-remotes/git-https-github-com-rxjs-Subject-git-316860eb: Cloning into bare repository '/home/cis/.npm/_git-remotes/git-https-github-com-rxjs-Subject-git-316860eb'...
25 verbose git clone --template=/home/cis/.npm/_git-remotes/_templates --mirror https://github.com/rxjs/Subject.git /home/cis/.npm/_git-remotes/git-https-github-com-rxjs-Subject-git-316860eb: remote: Invalid username or password.
25 verbose git clone --template=/home/cis/.npm/_git-remotes/_templates --mirror https://github.com/rxjs/Subject.git /home/cis/.npm/_git-remotes/git-https-github-com-rxjs-Subject-git-316860eb: fatal: Authentication failed for 'https://github.com/rxjs/Subject.git/'
26 silly trySSH attempting to clone git@github.com:rxjs/Subject.git
27 silly tryClone cloning rxjs/Subject via git@github.com:rxjs/Subject.git
28 verbose tryClone git-github-com-rxjs-Subject-git-80ac957b not in flight; caching
29 verbose correctMkdir /home/cis/.npm/_git-remotes correctMkdir not in flight; initializing
30 info git [ 'clone',
30 info git   '--template=/home/cis/.npm/_git-remotes/_templates',
30 info git   '--mirror',
30 info git   'git@github.com:rxjs/Subject.git',
30 info git   '/home/cis/.npm/_git-remotes/git-github-com-rxjs-Subject-git-80ac957b' ]
31 error git clone --template=/home/cis/.npm/_git-remotes/_templates --mirror git@github.com:rxjs/Subject.git /home/cis/.npm/_git-remotes/git-github-com-rxjs-Subject-git-80ac957b: Cloning into bare repository '/home/cis/.npm/_git-remotes/git-github-com-rxjs-Subject-git-80ac957b'...
31 error git clone --template=/home/cis/.npm/_git-remotes/_templates --mirror git@github.com:rxjs/Subject.git /home/cis/.npm/_git-remotes/git-github-com-rxjs-Subject-git-80ac957b: git@github.com: Permission denied (publickey).
31 error git clone --template=/home/cis/.npm/_git-remotes/_templates --mirror git@github.com:rxjs/Subject.git /home/cis/.npm/_git-remotes/git-github-com-rxjs-Subject-git-80ac957b: fatal: Could not read from remote repository.
31 error git clone --template=/home/cis/.npm/_git-remotes/_templates --mirror git@github.com:rxjs/Subject.git /home/cis/.npm/_git-remotes/git-github-com-rxjs-Subject-git-80ac957b:
31 error git clone --template=/home/cis/.npm/_git-remotes/_templates --mirror git@github.com:rxjs/Subject.git /home/cis/.npm/_git-remotes/git-github-com-rxjs-Subject-git-80ac957b: Please make sure you have the correct access rights
31 error git clone --template=/home/cis/.npm/_git-remotes/_templates --mirror git@github.com:rxjs/Subject.git /home/cis/.npm/_git-remotes/git-github-com-rxjs-Subject-git-80ac957b: and the repository exists.
32 silly fetchPackageMetaData Error: Command failed: git clone --template=/home/cis/.npm/_git-remotes/_templates --mirror git@github.com:rxjs/Subject.git /home/cis/.npm/_git-remotes/git-github-com-rxjs-Subject-git-80ac957b
32 silly fetchPackageMetaData Cloning into bare repository '/home/cis/.npm/_git-remotes/git-github-com-rxjs-Subject-git-80ac957b'...
32 silly fetchPackageMetaData git@github.com: Permission denied (publickey).
32 silly fetchPackageMetaData fatal: Could not read from remote repository.
32 silly fetchPackageMetaData
32 silly fetchPackageMetaData Please make sure you have the correct access rights
32 silly fetchPackageMetaData and the repository exists.
32 silly fetchPackageMetaData
32 silly fetchPackageMetaData     at ChildProcess.exithandler (child_process.js:273:12)
32 silly fetchPackageMetaData     at ChildProcess.emit (events.js:180:13)
32 silly fetchPackageMetaData     at maybeClose (internal/child_process.js:936:16)
32 silly fetchPackageMetaData     at Process.ChildProcess._handle.onexit (internal/child_process.js:220:5)
32 silly fetchPackageMetaData  error for rxjs/Subject { Error: Command failed: git clone --template=/home/cis/.npm/_git-remotes/_templates --mirror git@github.com:rxjs/Subject.git /home/cis/.npm/_git-remotes/git-github-com-rxjs-Subject-git-80ac957b
32 silly fetchPackageMetaData Cloning into bare repository '/home/cis/.npm/_git-remotes/git-github-com-rxjs-Subject-git-80ac957b'...
32 silly fetchPackageMetaData git@github.com: Permission denied (publickey).
32 silly fetchPackageMetaData fatal: Could not read from remote repository.
32 silly fetchPackageMetaData
32 silly fetchPackageMetaData Please make sure you have the correct access rights
32 silly fetchPackageMetaData and the repository exists.
32 silly fetchPackageMetaData
32 silly fetchPackageMetaData     at ChildProcess.exithandler (child_process.js:273:12)
32 silly fetchPackageMetaData     at ChildProcess.emit (events.js:180:13)
32 silly fetchPackageMetaData     at maybeClose (internal/child_process.js:936:16)
32 silly fetchPackageMetaData     at Process.ChildProcess._handle.onexit (internal/child_process.js:220:5)
32 silly fetchPackageMetaData   killed: false,
32 silly fetchPackageMetaData   code: 128,
32 silly fetchPackageMetaData   signal: null,
32 silly fetchPackageMetaData   cmd: 'git clone --template=/home/cis/.npm/_git-remotes/_templates --mirror git@github.com:rxjs/Subject.git /home/cis/.npm/_git-remotes/git-github-com-rxjs-Subject-git-80ac957b' }
33 silly rollbackFailedOptional Starting
34 silly rollbackFailedOptional Finishing
35 silly runTopLevelLifecycles Finishing
36 silly install printInstalled
37 verbose stack Error: Command failed: git clone --template=/home/cis/.npm/_git-remotes/_templates --mirror git@github.com:rxjs/Subject.git /home/cis/.npm/_git-remotes/git-github-com-rxjs-Subject-git-80ac957b
37 verbose stack Cloning into bare repository '/home/cis/.npm/_git-remotes/git-github-com-rxjs-Subject-git-80ac957b'...
37 verbose stack git@github.com: Permission denied (publickey).
37 verbose stack fatal: Could not read from remote repository.
37 verbose stack
37 verbose stack Please make sure you have the correct access rights
37 verbose stack and the repository exists.
37 verbose stack
37 verbose stack     at ChildProcess.exithandler (child_process.js:273:12)
37 verbose stack     at ChildProcess.emit (events.js:180:13)
37 verbose stack     at maybeClose (internal/child_process.js:936:16)
37 verbose stack     at Process.ChildProcess._handle.onexit (internal/child_process.js:220:5)
38 verbose cwd /windows/blogger/Blog-Front/src/app/dashboard
39 error Linux 4.15.0-47-generic
40 error argv "/home/cis/.nvm/versions/node/v9.10.0/bin/node" "/home/cis/.nvm/versions/node/v9.10.0/bin/npm" "i" "--save" "rxjs/Subject"
41 error node v9.10.0
42 error npm  v3.10.10
43 error code 128
44 error Command failed: git clone --template=/home/cis/.npm/_git-remotes/_templates --mirror git@github.com:rxjs/Subject.git /home/cis/.npm/_git-remotes/git-github-com-rxjs-Subject-git-80ac957b
44 error Cloning into bare repository '/home/cis/.npm/_git-remotes/git-github-com-rxjs-Subject-git-80ac957b'...
44 error git@github.com: Permission denied (publickey).
44 error fatal: Could not read from remote repository.
44 error
44 error Please make sure you have the correct access rights
44 error and the repository exists.
45 error If you need help, you may report this error at:
45 error     <https://github.com/npm/npm/issues>
46 verbose exit [ 1, true ]
